<?xml version="1.0" encoding="UTF-8"?>
<!-- Generated by org.testng.reporters.JUnitXMLReporter -->
<testsuite ignored="6" hostname="Windows-Rengarajan" failures="0" tests="7" name="Test" time="203.517" errors="0" timestamp="2022-12-23T11:52:58 EST">
  <testcase classname="DSalgoTestCases.DataStructure" name="ds" time="8.418"/>
  <testcase classname="DSalgoTestCases.ArrayPage" name="array" time="40.473"/>
  <testcase classname="DSalgoTestCases.LinkedListPage" name="LinkList" time="51.687"/>
  <testcase classname="DSalgoTestCases.StackPage" name="stack" time="10.127"/>
  <testcase classname="DSalgoTestCases.QueueTestCase" name="queue" time="16.184"/>
  <testcase classname="DSalgoTestCases.TreeTextCase" name="tree" time="67.992"/>
  <testcase classname="DSalgoTestCases.GraphTests" name="graph" time="8.434"/>
  <testcase classname="dsalgo.Base.BaseClass" name="@BeforeSuite InitializeDriver" time="0.0">
    <ignored/>
  </testcase> <!-- @BeforeSuite InitializeDriver -->
  <testcase classname="dsalgo.Base.BaseClass" name="@BeforeSuite InitializeDriver" time="0.0">
    <ignored/>
  </testcase> <!-- @BeforeSuite InitializeDriver -->
  <testcase classname="dsalgo.Base.BaseClass" name="@BeforeSuite InitializeDriver" time="0.0">
    <ignored/>
  </testcase> <!-- @BeforeSuite InitializeDriver -->
  <testcase classname="dsalgo.Base.BaseClass" name="@BeforeSuite InitializeDriver" time="0.0">
    <ignored/>
  </testcase> <!-- @BeforeSuite InitializeDriver -->
  <testcase classname="dsalgo.Base.BaseClass" name="@BeforeSuite InitializeDriver" time="0.0">
    <ignored/>
  </testcase> <!-- @BeforeSuite InitializeDriver -->
  <testcase classname="dsalgo.Base.BaseClass" name="@BeforeSuite InitializeDriver" time="0.0">
    <ignored/>
  </testcase> <!-- @BeforeSuite InitializeDriver -->
</testsuite> <!-- Test -->
