<?xml version="1.0" encoding="UTF-8"?>
<testng-results ignored="6" total="13" passed="7" failed="0" skipped="0">
  <reporter-output>
  </reporter-output>
  <suite started-at="2022-12-23T11:49:35 EST" name="Suite" finished-at="2022-12-23T11:52:58 EST" duration-ms="203517">
    <groups>
    </groups>
    <test started-at="2022-12-23T11:49:35 EST" name="Test" finished-at="2022-12-23T11:52:58 EST" duration-ms="203517">
      <class name="DSalgoTestCases.DataStructure">
        <test-method is-config="true" signature="InitializeDriver()[pri:0, instance:DSalgoTestCases.DataStructure@79c97cb]" started-at="2022-12-23T11:49:01 EST" name="InitializeDriver" finished-at="2022-12-23T11:49:35 EST" duration-ms="33539" status="PASS">
          <reporter-output>
          </reporter-output>
        </test-method> <!-- InitializeDriver -->
        <test-method signature="ds()[pri:0, instance:DSalgoTestCases.DataStructure@79c97cb]" started-at="2022-12-23T11:49:35 EST" name="ds" finished-at="2022-12-23T11:49:43 EST" duration-ms="8418" status="PASS">
          <reporter-output>
          </reporter-output>
        </test-method> <!-- ds -->
      </class> <!-- DSalgoTestCases.DataStructure -->
      <class name="DSalgoTestCases.ArrayPage">
        <test-method signature="array()[pri:0, instance:DSalgoTestCases.ArrayPage@1e4d3ce5]" started-at="2022-12-23T11:49:43 EST" name="array" finished-at="2022-12-23T11:50:24 EST" duration-ms="40473" status="PASS">
          <reporter-output>
          </reporter-output>
        </test-method> <!-- array -->
      </class> <!-- DSalgoTestCases.ArrayPage -->
      <class name="DSalgoTestCases.QueueTestCase">
        <test-method signature="queue()[pri:0, instance:DSalgoTestCases.QueueTestCase@379614be]" started-at="2022-12-23T11:51:26 EST" name="queue" finished-at="2022-12-23T11:51:42 EST" duration-ms="16184" status="PASS">
          <reporter-output>
          </reporter-output>
        </test-method> <!-- queue -->
      </class> <!-- DSalgoTestCases.QueueTestCase -->
      <class name="DSalgoTestCases.LinkedListPage">
        <test-method signature="LinkList()[pri:0, instance:DSalgoTestCases.LinkedListPage@3ddc6915]" started-at="2022-12-23T11:50:24 EST" name="LinkList" finished-at="2022-12-23T11:51:16 EST" duration-ms="51687" status="PASS">
          <reporter-output>
          </reporter-output>
        </test-method> <!-- LinkList -->
      </class> <!-- DSalgoTestCases.LinkedListPage -->
      <class name="DSalgoTestCases.TreeTextCase">
        <test-method signature="tree()[pri:0, instance:DSalgoTestCases.TreeTextCase@404bbcbd]" started-at="2022-12-23T11:51:42 EST" name="tree" finished-at="2022-12-23T11:52:50 EST" duration-ms="67992" status="PASS">
          <reporter-output>
          </reporter-output>
        </test-method> <!-- tree -->
      </class> <!-- DSalgoTestCases.TreeTextCase -->
      <class name="DSalgoTestCases.GraphTests">
        <test-method signature="graph()[pri:0, instance:DSalgoTestCases.GraphTests@1e81f160]" started-at="2022-12-23T11:52:50 EST" name="graph" finished-at="2022-12-23T11:52:58 EST" duration-ms="8434" status="PASS">
          <reporter-output>
          </reporter-output>
        </test-method> <!-- graph -->
      </class> <!-- DSalgoTestCases.GraphTests -->
      <class name="DSalgoTestCases.StackPage">
        <test-method signature="stack()[pri:0, instance:DSalgoTestCases.StackPage@704deff2]" started-at="2022-12-23T11:51:16 EST" name="stack" finished-at="2022-12-23T11:51:26 EST" duration-ms="10127" status="PASS">
          <reporter-output>
          </reporter-output>
        </test-method> <!-- stack -->
      </class> <!-- DSalgoTestCases.StackPage -->
    </test> <!-- Test -->
  </suite> <!-- Suite -->
</testng-results>
